<?xml version="1.0" encoding="UTF-8"?>
<!-- Generated by org.testng.reporters.JUnitXMLReporter -->
<testsuite ignored="0" hostname="SIGU-LE-24-N-01" failures="0" tests="14" name="Test" time="146.79" errors="0" timestamp="2025-11-05T13:23:05 IST">
  <testcase classname="testCase.TC001_TextBoxFormTest" name="verifyTextBoxForm" time="2.316"/>
  <testcase classname="testCase.TC002_CheckBoxTest" name="verifyCheckBox" time="1.429"/>
  <testcase classname="testCase.TC003_RadioButtonTest" name="verifyRadioBtn" time="0.85"/>
  <testcase classname="testCase.TC004_DataTableCRUDOpsTest" name="verifyAdd" time="4.219"/>
  <testcase classname="testCase.TC005_ButtonsTest" name="verifyButtonsClick" time="2.404"/>
  <testcase classname="testCase.TC006_LinksTest" name="verifyLinks" time="6.922"/>
  <testcase classname="testCase.TC007_UploadFileTest" name="verifyUploadFile" time="1.023"/>
  <testcase classname="testCase.TC008_DynamicPropertiesTest" name="verifyDynamicProperties" time="18.23"/>
  <testcase classname="testCase.TC009_BrokenImageTest" name="verifyImageURL" time="1.019"/>
  <testcase classname="testCase.TC010_AlertFrameWindowHandlingTest" name="verifyAlertFrameWindow" time="3.9"/>
  <testcase classname="testCase.TC011_SimpleAlertTest" name="verifySimpleAlerts" time="0.87"/>
  <testcase classname="testCase.TC012_DelayedAlertTest" name="verifyDelayedAlert" time="6.134"/>
  <testcase classname="testCase.TC013_ConfirmationAlertTest" name="verifyConfirmationAlert" time="0.854"/>
  <testcase classname="testCase.TC014_PromtAlertTest" name="verifyPromtAlert" time="1.031"/>
</testsuite> <!-- Test -->
