<?xml version="1.0" encoding="UTF-8"?>
<testng-results ignored="0" total="1" passed="1" failed="0" skipped="0">
  <reporter-output>
  </reporter-output>
  <suite started-at="2025-11-05T23:35:44 IST" name="Default suite" finished-at="2025-11-05T23:35:57 IST" duration-ms="12191">
    <groups>
    </groups>
    <test started-at="2025-11-05T23:35:44 IST" name="Default test" finished-at="2025-11-05T23:35:57 IST" duration-ms="12191">
      <class name="testCase.TC001_TextBoxFormTest">
        <test-method is-config="true" signature="setUp()[pri:0, instance:testCase.TC001_TextBoxFormTest@68df9280]" started-at="2025-11-05T23:35:44 IST" name="setUp" finished-at="2025-11-05T23:35:52 IST" duration-ms="7110" status="PASS">
          <reporter-output>
          </reporter-output>
        </test-method> <!-- setUp -->
        <test-method signature="verifyTextBoxForm()[pri:0, instance:testCase.TC001_TextBoxFormTest@68df9280]" started-at="2025-11-05T23:35:52 IST" name="verifyTextBoxForm" finished-at="2025-11-05T23:35:55 IST" duration-ms="3633" status="PASS">
          <reporter-output>
          </reporter-output>
        </test-method> <!-- verifyTextBoxForm -->
        <test-method is-config="true" signature="closeBrowser()[pri:0, instance:testCase.TC001_TextBoxFormTest@68df9280]" started-at="2025-11-05T23:35:55 IST" name="closeBrowser" finished-at="2025-11-05T23:35:57 IST" duration-ms="1343" status="PASS">
          <reporter-output>
          </reporter-output>
        </test-method> <!-- closeBrowser -->
      </class> <!-- testCase.TC001_TextBoxFormTest -->
    </test> <!-- Default test -->
  </suite> <!-- Default suite -->
</testng-results>
