<?xml version="1.0" encoding="UTF-8"?>
<testng-results ignored="0" total="1" passed="1" failed="0" skipped="0">
  <reporter-output>
  </reporter-output>
  <suite started-at="2025-11-05T16:15:58 IST" name="Default suite" finished-at="2025-11-05T16:16:07 IST" duration-ms="8504">
    <groups>
    </groups>
    <test started-at="2025-11-05T16:15:58 IST" name="Default test" finished-at="2025-11-05T16:16:07 IST" duration-ms="8504">
      <class name="testCase.TC001_TextBoxFormTest">
        <test-method is-config="true" signature="setUp()[pri:0, instance:testCase.TC001_TextBoxFormTest@68df9280]" started-at="2025-11-05T16:15:58 IST" name="setUp" finished-at="2025-11-05T16:16:05 IST" duration-ms="6255" status="PASS">
          <reporter-output>
          </reporter-output>
        </test-method> <!-- setUp -->
        <test-method signature="verifyTextBoxForm()[pri:0, instance:testCase.TC001_TextBoxFormTest@68df9280]" started-at="2025-11-05T16:16:05 IST" name="verifyTextBoxForm" finished-at="2025-11-05T16:16:05 IST" duration-ms="826" status="PASS">
          <reporter-output>
          </reporter-output>
        </test-method> <!-- verifyTextBoxForm -->
        <test-method is-config="true" signature="closeBrowser()[pri:0, instance:testCase.TC001_TextBoxFormTest@68df9280]" started-at="2025-11-05T16:16:05 IST" name="closeBrowser" finished-at="2025-11-05T16:16:07 IST" duration-ms="1378" status="PASS">
          <reporter-output>
          </reporter-output>
        </test-method> <!-- closeBrowser -->
      </class> <!-- testCase.TC001_TextBoxFormTest -->
    </test> <!-- Default test -->
  </suite> <!-- Default suite -->
</testng-results>
